C:\REZSTRAFES\REZSTRAFE-CPP-V6.0\SRC\REZSTRAFE-CPP\DEBUG\OPTIONS.OBJ
C:\REZSTRAFES\REZSTRAFE-CPP-V6.0\SRC\REZSTRAFE-CPP\DEBUG\MAIN.OBJ
C:\REZSTRAFES\REZSTRAFE-CPP-V6.0\SRC\REZSTRAFE-CPP\DEBUG\VC110.PDB
C:\REZSTRAFES\REZSTRAFE-CPP-V7.0_CONSOLE\SRC\REZSTRAFE-CPP\DEBUG\OPTIONS.OBJ
C:\REZSTRAFES\REZSTRAFE-CPP-V7.0_CONSOLE\SRC\REZSTRAFE-CPP\DEBUG\MAIN.OBJ
C:\REZSTRAFES\REZSTRAFE-CPP-V7.0_CONSOLE\SRC\REZSTRAFE-CPP\DEBUG\VC110.PDB
C:\REZSTRAFES\REZSTRAFE-CPP-V6.0\SRC\DEBUG\REZSTRAFE-CPP.ILK
C:\REZSTRAFES\REZSTRAFE-CPP-V6.0\SRC\DEBUG\REZSTRAFE-CPP.EXE
C:\REZSTRAFES\REZSTRAFE-CPP-V6.0\SRC\DEBUG\REZSTRAFE-CPP.PDB
C:\REZSTRAFES\REZSTRAFE-CPP-V7.0_CONSOLE\SRC\DEBUG\REZSTRAFE-CPP.ILK
C:\REZSTRAFES\REZSTRAFE-CPP-V7.0_CONSOLE\SRC\DEBUG\REZSTRAFE-CPP.EXE
C:\REZSTRAFES\REZSTRAFE-CPP-V7.0_CONSOLE\SRC\DEBUG\REZSTRAFE-CPP.PDB
C:\REZSTRAFES\REZSTRAFE-CPP-V6.0\SRC\REZSTRAFE-CPP\DEBUG\RESOURCE.RES
C:\REZSTRAFES\REZSTRAFE-CPP-V7.0_CONSOLE\SRC\REZSTRAFE-CPP\DEBUG\RESOURCE.RES
C:\rezstrafes\RezStrafe-cpp-v6.0\src\RezStrafe-cpp\Debug\RezStrafecpp.main.resources
C:\rezstrafes\RezStrafe-cpp-v6.0\src\RezStrafe-cpp\Debug\RezStrafecpp.options.resources
C:\rezstrafes\RezStrafe-cpp-v7.0_console\src\RezStrafe-cpp\Debug\RezStrafecpp.main.resources
C:\rezstrafes\RezStrafe-cpp-v7.0_console\src\RezStrafe-cpp\Debug\RezStrafecpp.options.resources
C:\rezstrafes\RezStrafe-cpp-v7.0_console\src\RezStrafe-cpp\Debug\RezStrafe-cpp.vcxproj.GenerateResource.Cache
C:\rezstrafes\RezStrafe-cpp-v7.0_console\src\RezStrafe-cpp\Debug\RezStrafe-cpp.vcxprojResolveAssemblyReference.cache
C:\rezstrafes\RezStrafe-cpp-v7.0_console\src\RezStrafe-cpp\Debug\main.obj
C:\rezstrafes\RezStrafe-cpp-v7.0_console\src\RezStrafe-cpp\Debug\options.obj
C:\rezstrafes\RezStrafe-cpp-v7.0_console\src\RezStrafe-cpp\Debug\cl.command.1.tlog
C:\rezstrafes\RezStrafe-cpp-v7.0_console\src\RezStrafe-cpp\Debug\CL.read.1.tlog
C:\rezstrafes\RezStrafe-cpp-v7.0_console\src\RezStrafe-cpp\Debug\CL.write.1.tlog
C:\rezstrafes\RezStrafe-cpp-v7.0_console\src\RezStrafe-cpp\Debug\link.1472-cvtres.read.1.tlog
C:\rezstrafes\RezStrafe-cpp-v7.0_console\src\RezStrafe-cpp\Debug\link.1472-cvtres.write.1.tlog
C:\rezstrafes\RezStrafe-cpp-v7.0_console\src\RezStrafe-cpp\Debug\link.1472-rc.read.1.tlog
C:\rezstrafes\RezStrafe-cpp-v7.0_console\src\RezStrafe-cpp\Debug\link.1472-rc.write.1.tlog
C:\rezstrafes\RezStrafe-cpp-v7.0_console\src\RezStrafe-cpp\Debug\link.1472.read.1.tlog
C:\rezstrafes\RezStrafe-cpp-v7.0_console\src\RezStrafe-cpp\Debug\link.1472.write.1.tlog
C:\rezstrafes\RezStrafe-cpp-v7.0_console\src\RezStrafe-cpp\Debug\link.1540-cvtres.read.1.tlog
C:\rezstrafes\RezStrafe-cpp-v7.0_console\src\RezStrafe-cpp\Debug\link.1540-cvtres.write.1.tlog
C:\rezstrafes\RezStrafe-cpp-v7.0_console\src\RezStrafe-cpp\Debug\link.1540-rc.read.1.tlog
C:\rezstrafes\RezStrafe-cpp-v7.0_console\src\RezStrafe-cpp\Debug\link.1540-rc.write.1.tlog
C:\rezstrafes\RezStrafe-cpp-v7.0_console\src\RezStrafe-cpp\Debug\link.1540.read.1.tlog
C:\rezstrafes\RezStrafe-cpp-v7.0_console\src\RezStrafe-cpp\Debug\link.1540.write.1.tlog
C:\rezstrafes\RezStrafe-cpp-v7.0_console\src\RezStrafe-cpp\Debug\link.2212-cvtres.read.1.tlog
C:\rezstrafes\RezStrafe-cpp-v7.0_console\src\RezStrafe-cpp\Debug\link.2212-cvtres.write.1.tlog
C:\rezstrafes\RezStrafe-cpp-v7.0_console\src\RezStrafe-cpp\Debug\link.2212-rc.read.1.tlog
C:\rezstrafes\RezStrafe-cpp-v7.0_console\src\RezStrafe-cpp\Debug\link.2212-rc.write.1.tlog
C:\rezstrafes\RezStrafe-cpp-v7.0_console\src\RezStrafe-cpp\Debug\link.2212.read.1.tlog
C:\rezstrafes\RezStrafe-cpp-v7.0_console\src\RezStrafe-cpp\Debug\link.2212.write.1.tlog
C:\rezstrafes\RezStrafe-cpp-v7.0_console\src\RezStrafe-cpp\Debug\link.2544-cvtres.read.1.tlog
C:\rezstrafes\RezStrafe-cpp-v7.0_console\src\RezStrafe-cpp\Debug\link.2544-cvtres.write.1.tlog
C:\rezstrafes\RezStrafe-cpp-v7.0_console\src\RezStrafe-cpp\Debug\link.2544-rc.read.1.tlog
C:\rezstrafes\RezStrafe-cpp-v7.0_console\src\RezStrafe-cpp\Debug\link.2544-rc.write.1.tlog
C:\rezstrafes\RezStrafe-cpp-v7.0_console\src\RezStrafe-cpp\Debug\link.2544.read.1.tlog
C:\rezstrafes\RezStrafe-cpp-v7.0_console\src\RezStrafe-cpp\Debug\link.2544.write.1.tlog
C:\rezstrafes\RezStrafe-cpp-v7.0_console\src\RezStrafe-cpp\Debug\link.2588-cvtres.read.1.tlog
C:\rezstrafes\RezStrafe-cpp-v7.0_console\src\RezStrafe-cpp\Debug\link.2588-cvtres.write.1.tlog
C:\rezstrafes\RezStrafe-cpp-v7.0_console\src\RezStrafe-cpp\Debug\link.2588-rc.read.1.tlog
C:\rezstrafes\RezStrafe-cpp-v7.0_console\src\RezStrafe-cpp\Debug\link.2588-rc.write.1.tlog
C:\rezstrafes\RezStrafe-cpp-v7.0_console\src\RezStrafe-cpp\Debug\link.2588.read.1.tlog
C:\rezstrafes\RezStrafe-cpp-v7.0_console\src\RezStrafe-cpp\Debug\link.2588.write.1.tlog
C:\rezstrafes\RezStrafe-cpp-v7.0_console\src\RezStrafe-cpp\Debug\link.2796-cvtres.read.1.tlog
C:\rezstrafes\RezStrafe-cpp-v7.0_console\src\RezStrafe-cpp\Debug\link.2796-cvtres.write.1.tlog
C:\rezstrafes\RezStrafe-cpp-v7.0_console\src\RezStrafe-cpp\Debug\link.2796-rc.read.1.tlog
C:\rezstrafes\RezStrafe-cpp-v7.0_console\src\RezStrafe-cpp\Debug\link.2796-rc.write.1.tlog
C:\rezstrafes\RezStrafe-cpp-v7.0_console\src\RezStrafe-cpp\Debug\link.2796.read.1.tlog
C:\rezstrafes\RezStrafe-cpp-v7.0_console\src\RezStrafe-cpp\Debug\link.2796.write.1.tlog
C:\rezstrafes\RezStrafe-cpp-v7.0_console\src\RezStrafe-cpp\Debug\link.2864-cvtres.read.1.tlog
C:\rezstrafes\RezStrafe-cpp-v7.0_console\src\RezStrafe-cpp\Debug\link.2864-cvtres.write.1.tlog
C:\rezstrafes\RezStrafe-cpp-v7.0_console\src\RezStrafe-cpp\Debug\link.2864-rc.read.1.tlog
C:\rezstrafes\RezStrafe-cpp-v7.0_console\src\RezStrafe-cpp\Debug\link.2864-rc.write.1.tlog
C:\rezstrafes\RezStrafe-cpp-v7.0_console\src\RezStrafe-cpp\Debug\link.2864.read.1.tlog
C:\rezstrafes\RezStrafe-cpp-v7.0_console\src\RezStrafe-cpp\Debug\link.2864.write.1.tlog
C:\rezstrafes\RezStrafe-cpp-v7.0_console\src\RezStrafe-cpp\Debug\link.2952-cvtres.read.1.tlog
C:\rezstrafes\RezStrafe-cpp-v7.0_console\src\RezStrafe-cpp\Debug\link.2952-cvtres.write.1.tlog
C:\rezstrafes\RezStrafe-cpp-v7.0_console\src\RezStrafe-cpp\Debug\link.2952-rc.read.1.tlog
C:\rezstrafes\RezStrafe-cpp-v7.0_console\src\RezStrafe-cpp\Debug\link.2952-rc.write.1.tlog
C:\rezstrafes\RezStrafe-cpp-v7.0_console\src\RezStrafe-cpp\Debug\link.2952.read.1.tlog
C:\rezstrafes\RezStrafe-cpp-v7.0_console\src\RezStrafe-cpp\Debug\link.2952.write.1.tlog
C:\rezstrafes\RezStrafe-cpp-v7.0_console\src\RezStrafe-cpp\Debug\link.3068-cvtres.read.1.tlog
C:\rezstrafes\RezStrafe-cpp-v7.0_console\src\RezStrafe-cpp\Debug\link.3068-cvtres.write.1.tlog
C:\rezstrafes\RezStrafe-cpp-v7.0_console\src\RezStrafe-cpp\Debug\link.3068-rc.read.1.tlog
C:\rezstrafes\RezStrafe-cpp-v7.0_console\src\RezStrafe-cpp\Debug\link.3068-rc.write.1.tlog
C:\rezstrafes\RezStrafe-cpp-v7.0_console\src\RezStrafe-cpp\Debug\link.3068.read.1.tlog
C:\rezstrafes\RezStrafe-cpp-v7.0_console\src\RezStrafe-cpp\Debug\link.3068.write.1.tlog
C:\rezstrafes\RezStrafe-cpp-v7.0_console\src\RezStrafe-cpp\Debug\link.3252-cvtres.read.1.tlog
C:\rezstrafes\RezStrafe-cpp-v7.0_console\src\RezStrafe-cpp\Debug\link.3252-cvtres.write.1.tlog
C:\rezstrafes\RezStrafe-cpp-v7.0_console\src\RezStrafe-cpp\Debug\link.3252-rc.read.1.tlog
C:\rezstrafes\RezStrafe-cpp-v7.0_console\src\RezStrafe-cpp\Debug\link.3252-rc.write.1.tlog
C:\rezstrafes\RezStrafe-cpp-v7.0_console\src\RezStrafe-cpp\Debug\link.3252.read.1.tlog
C:\rezstrafes\RezStrafe-cpp-v7.0_console\src\RezStrafe-cpp\Debug\link.3252.write.1.tlog
C:\rezstrafes\RezStrafe-cpp-v7.0_console\src\RezStrafe-cpp\Debug\link.3428-cvtres.read.1.tlog
C:\rezstrafes\RezStrafe-cpp-v7.0_console\src\RezStrafe-cpp\Debug\link.3428-cvtres.write.1.tlog
C:\rezstrafes\RezStrafe-cpp-v7.0_console\src\RezStrafe-cpp\Debug\link.3428-rc.read.1.tlog
C:\rezstrafes\RezStrafe-cpp-v7.0_console\src\RezStrafe-cpp\Debug\link.3428-rc.write.1.tlog
C:\rezstrafes\RezStrafe-cpp-v7.0_console\src\RezStrafe-cpp\Debug\link.3428.read.1.tlog
C:\rezstrafes\RezStrafe-cpp-v7.0_console\src\RezStrafe-cpp\Debug\link.3428.write.1.tlog
C:\rezstrafes\RezStrafe-cpp-v7.0_console\src\RezStrafe-cpp\Debug\link.3472-cvtres.read.1.tlog
C:\rezstrafes\RezStrafe-cpp-v7.0_console\src\RezStrafe-cpp\Debug\link.3472-cvtres.write.1.tlog
C:\rezstrafes\RezStrafe-cpp-v7.0_console\src\RezStrafe-cpp\Debug\link.3472-rc.read.1.tlog
C:\rezstrafes\RezStrafe-cpp-v7.0_console\src\RezStrafe-cpp\Debug\link.3472-rc.write.1.tlog
C:\rezstrafes\RezStrafe-cpp-v7.0_console\src\RezStrafe-cpp\Debug\link.3472.read.1.tlog
C:\rezstrafes\RezStrafe-cpp-v7.0_console\src\RezStrafe-cpp\Debug\link.3472.write.1.tlog
C:\rezstrafes\RezStrafe-cpp-v7.0_console\src\RezStrafe-cpp\Debug\link.3808-cvtres.read.1.tlog
C:\rezstrafes\RezStrafe-cpp-v7.0_console\src\RezStrafe-cpp\Debug\link.3808-cvtres.write.1.tlog
C:\rezstrafes\RezStrafe-cpp-v7.0_console\src\RezStrafe-cpp\Debug\link.3808-rc.read.1.tlog
C:\rezstrafes\RezStrafe-cpp-v7.0_console\src\RezStrafe-cpp\Debug\link.3808-rc.write.1.tlog
C:\rezstrafes\RezStrafe-cpp-v7.0_console\src\RezStrafe-cpp\Debug\link.3808.read.1.tlog
C:\rezstrafes\RezStrafe-cpp-v7.0_console\src\RezStrafe-cpp\Debug\link.3808.write.1.tlog
C:\rezstrafes\RezStrafe-cpp-v7.0_console\src\RezStrafe-cpp\Debug\link.3872-cvtres.read.1.tlog
C:\rezstrafes\RezStrafe-cpp-v7.0_console\src\RezStrafe-cpp\Debug\link.3872-cvtres.write.1.tlog
C:\rezstrafes\RezStrafe-cpp-v7.0_console\src\RezStrafe-cpp\Debug\link.3872-rc.read.1.tlog
C:\rezstrafes\RezStrafe-cpp-v7.0_console\src\RezStrafe-cpp\Debug\link.3872-rc.write.1.tlog
C:\rezstrafes\RezStrafe-cpp-v7.0_console\src\RezStrafe-cpp\Debug\link.3872.read.1.tlog
C:\rezstrafes\RezStrafe-cpp-v7.0_console\src\RezStrafe-cpp\Debug\link.3872.write.1.tlog
C:\rezstrafes\RezStrafe-cpp-v7.0_console\src\RezStrafe-cpp\Debug\link.4056-cvtres.read.1.tlog
C:\rezstrafes\RezStrafe-cpp-v7.0_console\src\RezStrafe-cpp\Debug\link.4056-cvtres.write.1.tlog
C:\rezstrafes\RezStrafe-cpp-v7.0_console\src\RezStrafe-cpp\Debug\link.4056-rc.read.1.tlog
C:\rezstrafes\RezStrafe-cpp-v7.0_console\src\RezStrafe-cpp\Debug\link.4056-rc.write.1.tlog
C:\rezstrafes\RezStrafe-cpp-v7.0_console\src\RezStrafe-cpp\Debug\link.4056.read.1.tlog
C:\rezstrafes\RezStrafe-cpp-v7.0_console\src\RezStrafe-cpp\Debug\link.4056.write.1.tlog
C:\rezstrafes\RezStrafe-cpp-v7.0_console\src\RezStrafe-cpp\Debug\link.5632-cvtres.read.1.tlog
C:\rezstrafes\RezStrafe-cpp-v7.0_console\src\RezStrafe-cpp\Debug\link.5632-cvtres.write.1.tlog
C:\rezstrafes\RezStrafe-cpp-v7.0_console\src\RezStrafe-cpp\Debug\link.5632-rc.read.1.tlog
C:\rezstrafes\RezStrafe-cpp-v7.0_console\src\RezStrafe-cpp\Debug\link.5632-rc.write.1.tlog
C:\rezstrafes\RezStrafe-cpp-v7.0_console\src\RezStrafe-cpp\Debug\link.5632.read.1.tlog
C:\rezstrafes\RezStrafe-cpp-v7.0_console\src\RezStrafe-cpp\Debug\link.5632.write.1.tlog
C:\rezstrafes\RezStrafe-cpp-v7.0_console\src\RezStrafe-cpp\Debug\link.904-cvtres.read.1.tlog
C:\rezstrafes\RezStrafe-cpp-v7.0_console\src\RezStrafe-cpp\Debug\link.904-cvtres.write.1.tlog
C:\rezstrafes\RezStrafe-cpp-v7.0_console\src\RezStrafe-cpp\Debug\link.904-rc.read.1.tlog
C:\rezstrafes\RezStrafe-cpp-v7.0_console\src\RezStrafe-cpp\Debug\link.904-rc.write.1.tlog
C:\rezstrafes\RezStrafe-cpp-v7.0_console\src\RezStrafe-cpp\Debug\link.904.read.1.tlog
C:\rezstrafes\RezStrafe-cpp-v7.0_console\src\RezStrafe-cpp\Debug\link.904.write.1.tlog
C:\rezstrafes\RezStrafe-cpp-v7.0_console\src\RezStrafe-cpp\Debug\link.command.1.tlog
C:\rezstrafes\RezStrafe-cpp-v7.0_console\src\RezStrafe-cpp\Debug\link.read.1.tlog
C:\rezstrafes\RezStrafe-cpp-v7.0_console\src\RezStrafe-cpp\Debug\link.write.1.tlog
C:\rezstrafes\RezStrafe-cpp-v7.0_console\src\RezStrafe-cpp\Debug\metagen.read.1.tlog
C:\rezstrafes\RezStrafe-cpp-v7.0_console\src\RezStrafe-cpp\Debug\metagen.write.1.tlog
C:\rezstrafes\RezStrafe-cpp-v7.0_console\src\RezStrafe-cpp\Debug\rc.command.1.tlog
C:\rezstrafes\RezStrafe-cpp-v7.0_console\src\RezStrafe-cpp\Debug\rc.read.1.tlog
C:\rezstrafes\RezStrafe-cpp-v7.0_console\src\RezStrafe-cpp\Debug\rc.write.1.tlog
C:\rezstrafes\RezStrafe-cpp-v7.0_console\src\RezStrafe-cpp\Debug\RezStrafe-cpp.write.1.tlog
C:\rezstrafes\RezStrafe-cpp-v7.0_console\src\RezStrafe-cpp\Debug\Resource.res
C:\rezstrafes\RezStrafe-cpp-v7.0_console\src\RezStrafe-cpp\Debug\vc110.pdb
C:\rezstrafes\RezStrafe-cpp-v7.0_console\src\RezStrafe-cpp\Debug\RSAENH.DLL.bi
C:\rezstrafes\RezStrafe-cpp-v7.0_console\src\RezStrafe-cpp\Debug\TZRES.DLL.bi
C:\rezstrafes\RezStrafe-cpp-v7.0_console\src\Debug\RezStrafe-cpp.pdb
C:\rezstrafes\RezStrafe-cpp-v7.0_console\src\Debug\RezStrafe-cpp.exe
C:\rezstrafes\RezStrafe-cpp-v7.0_console\src\Debug\RezStrafe-cpp.ilk
